# JRE version: OpenJDK Runtime Environment (17.0.9) (build 17.0.9+0--11185874)
# Java VM: OpenJDK 64-Bit Server VM (17.0.9+0--11185874, mixed mode, tiered, compressed oops, compressed class ptrs, g1 gc, windows-amd64)
GC Precious Log:
 CPUs: 16 total, 16 available
 Memory: 15556M
 Large Page Support: Disabled
 NUMA Support: Disabled
 Compressed Oops: Enabled (Zero based)
 Heap Region Size: 2M
 Heap Min Capacity: 8M
 Heap Initial Capacity: 244M
 Heap Max Capacity: 3890M
 Pre-touch: Disabled
 Parallel Workers: 13
 Concurrent Workers: 3
 Concurrent Refinement Workers: 13
 Periodic GC: Disabled
Heap:
 garbage-first heap   total 92160K, used 66025K [0x000000070ce00000, 0x0000000800000000)
  region size 2048K, 15 young (30720K), 2 survivors (4096K)
 Metaspace       used 54531K, committed 54784K, reserved 1114112K
  class space    used 6358K, committed 6464K, reserved 1048576K
GC Heap History (20 events):
Event: 1.722 GC heap after
{Heap after GC invocations=4 (full 0):
 garbage-first heap   total 40960K, used 9439K [0x000000070ce00000, 0x0000000800000000)
  region size 2048K, 3 young (6144K), 3 survivors (6144K)
 Metaspace       used 27658K, committed 27840K, reserved 1114112K
  class space    used 3103K, committed 3200K, reserved 1048576K
}
Event: 2.029 GC heap before
{Heap before GC invocations=4 (full 0):
 garbage-first heap   total 40960K, used 29919K [0x000000070ce00000, 0x0000000800000000)
  region size 2048K, 12 young (24576K), 3 survivors (6144K)
 Metaspace       used 30313K, committed 30528K, reserved 1114112K
  class space    used 3697K, committed 3776K, reserved 1048576K
}
Event: 2.040 GC heap after
{Heap after GC invocations=5 (full 0):
 garbage-first heap   total 40960K, used 14794K [0x000000070ce00000, 0x0000000800000000)
  region size 2048K, 2 young (4096K), 2 survivors (4096K)
 Metaspace       used 30313K, committed 30528K, reserved 1114112K
  class space    used 3697K, committed 3776K, reserved 1048576K
}
Event: 2.319 GC heap before
{Heap before GC invocations=5 (full 0):
 garbage-first heap   total 40960K, used 27082K [0x000000070ce00000, 0x0000000800000000)
  region size 2048K, 9 young (18432K), 2 survivors (4096K)
 Metaspace       used 33778K, committed 34048K, reserved 1114112K
  class space    used 4295K, committed 4416K, reserved 1048576K
}
Event: 2.328 GC heap after
{Heap after GC invocations=6 (full 0):
 garbage-first heap   total 40960K, used 17149K [0x000000070ce00000, 0x0000000800000000)
  region size 2048K, 1 young (2048K), 1 survivors (2048K)
 Metaspace       used 33778K, committed 34048K, reserved 1114112K
  class space    used 4295K, committed 4416K, reserved 1048576K
}
Event: 2.506 GC heap before
{Heap before GC invocations=6 (full 0):
 garbage-first heap   total 40960K, used 29437K [0x000000070ce00000, 0x0000000800000000)
  region size 2048K, 7 young (14336K), 1 survivors (2048K)
 Metaspace       used 35669K, committed 35840K, reserved 1114112K
  class space    used 4504K, committed 4608K, reserved 1048576K
}
Event: 2.514 GC heap after
{Heap after GC invocations=7 (full 0):
 garbage-first heap   total 40960K, used 17458K [0x000000070ce00000, 0x0000000800000000)
  region size 2048K, 1 young (2048K), 1 survivors (2048K)
 Metaspace       used 35669K, committed 35840K, reserved 1114112K
  class space    used 4504K, committed 4608K, reserved 1048576K
}
Event: 2.522 GC heap before
{Heap before GC invocations=7 (full 0):
 garbage-first heap   total 40960K, used 17458K [0x000000070ce00000, 0x0000000800000000)
  region size 2048K, 2 young (4096K), 1 survivors (2048K)
 Metaspace       used 35826K, committed 35968K, reserved 1114112K
  class space    used 4521K, committed 4608K, reserved 1048576K
}
Event: 2.526 GC heap after
{Heap after GC invocations=8 (full 0):
 garbage-first heap   total 145408K, used 18244K [0x000000070ce00000, 0x0000000800000000)
  region size 2048K, 1 young (2048K), 1 survivors (2048K)
 Metaspace       used 35826K, committed 35968K, reserved 1114112K
  class space    used 4521K, committed 4608K, reserved 1048576K
}
Event: 3.386 GC heap before
{Heap before GC invocations=9 (full 0):
 garbage-first heap   total 75776K, used 61252K [0x000000070ce00000, 0x0000000800000000)
  region size 2048K, 22 young (45056K), 1 survivors (2048K)
 Metaspace       used 45332K, committed 45568K, reserved 1114112K
  class space    used 5493K, committed 5568K, reserved 1048576K
}
Event: 3.397 GC heap after
{Heap after GC invocations=10 (full 0):
 garbage-first heap   total 75776K, used 21732K [0x000000070ce00000, 0x0000000800000000)
  region size 2048K, 2 young (4096K), 2 survivors (4096K)
 Metaspace       used 45332K, committed 45568K, reserved 1114112K
  class space    used 5493K, committed 5568K, reserved 1048576K
}
Event: 3.933 GC heap before
{Heap before GC invocations=10 (full 0):
 garbage-first heap   total 75776K, used 54500K [0x000000070ce00000, 0x0000000800000000)
  region size 2048K, 17 young (34816K), 2 survivors (4096K)
 Metaspace       used 48251K, committed 48448K, reserved 1114112K
  class space    used 5822K, committed 5888K, reserved 1048576K
}
Event: 3.946 GC heap after
{Heap after GC invocations=11 (full 0):
 garbage-first heap   total 75776K, used 30209K [0x000000070ce00000, 0x0000000800000000)
  region size 2048K, 3 young (6144K), 3 survivors (6144K)
 Metaspace       used 48251K, committed 48448K, reserved 1114112K
  class space    used 5822K, committed 5888K, reserved 1048576K
}
Event: 4.211 GC heap before
{Heap before GC invocations=11 (full 0):
 garbage-first heap   total 75776K, used 52737K [0x000000070ce00000, 0x0000000800000000)
  region size 2048K, 14 young (28672K), 3 survivors (6144K)
 Metaspace       used 48886K, committed 49088K, reserved 1114112K
  class space    used 5879K, committed 5952K, reserved 1048576K
}
Event: 4.218 GC heap after
{Heap after GC invocations=12 (full 0):
 garbage-first heap   total 75776K, used 29283K [0x000000070ce00000, 0x0000000800000000)
  region size 2048K, 1 young (2048K), 1 survivors (2048K)
 Metaspace       used 48886K, committed 49088K, reserved 1114112K
  class space    used 5879K, committed 5952K, reserved 1048576K
}
Event: 5.053 GC heap before
{Heap before GC invocations=12 (full 0):
 garbage-first heap   total 75776K, used 53859K [0x000000070ce00000, 0x0000000800000000)
  region size 2048K, 13 young (26624K), 1 survivors (2048K)
 Metaspace       used 52516K, committed 52736K, reserved 1114112K
  class space    used 6234K, committed 6336K, reserved 1048576K
}
Event: 5.064 GC heap after
{Heap after GC invocations=13 (full 0):
 garbage-first heap   total 92160K, used 33436K [0x000000070ce00000, 0x0000000800000000)
  region size 2048K, 2 young (4096K), 2 survivors (4096K)
 Metaspace       used 52516K, committed 52736K, reserved 1114112K
  class space    used 6234K, committed 6336K, reserved 1048576K
}
Event: 5.901 GC heap before
{Heap before GC invocations=13 (full 0):
 garbage-first heap   total 92160K, used 64156K [0x000000070ce00000, 0x0000000800000000)
  region size 2048K, 17 young (34816K), 2 survivors (4096K)
 Metaspace       used 53956K, committed 54208K, reserved 1114112K
  class space    used 6309K, committed 6400K, reserved 1048576K
}
Event: 5.919 GC heap after
{Heap after GC invocations=14 (full 0):
 garbage-first heap   total 92160K, used 39401K [0x000000070ce00000, 0x0000000800000000)
  region size 2048K, 3 young (6144K), 3 survivors (6144K)
 Metaspace       used 53956K, committed 54208K, reserved 1114112K
  class space    used 6309K, committed 6400K, reserved 1048576K
}
Event: 6.364 GC heap before
{Heap before GC invocations=14 (full 0):
 garbage-first heap   total 92160K, used 66025K [0x000000070ce00000, 0x0000000800000000)
  region size 2048K, 16 young (32768K), 3 survivors (6144K)
 Metaspace       used 54531K, committed 54784K, reserved 1114112K
  class space    used 6358K, committed 6464K, reserved 1048576K
}

